{"name": "Переход на старницу авторизации при нажатии в ЛК кнопки \"Выход\"", "status": "broken", "statusDetails": {"message": "selenium.common.exceptions.TimeoutException: Message: \nStacktrace:\n0   chromedriver                        0x00000001027583cc cxxbridge1$str$ptr + 2829900\n1   chromedriver                        0x0000000102750694 cxxbridge1$str$ptr + 2797844\n2   chromedriver                        0x000000010228dfbc cxxbridge1$string$len + 90140\n3   chromedriver                        0x00000001022d51bc cxxbridge1$string$len + 381468\n4   chromedriver                        0x0000000102316044 cxxbridge1$string$len + 647332\n5   chromedriver                        0x00000001022c93f8 cxxbridge1$string$len + 332888\n6   chromedriver                        0x000000010271c7f0 cxxbridge1$str$ptr + 2585200\n7   chromedriver                        0x000000010271fac0 cxxbridge1$str$ptr + 2598208\n8   chromedriver                        0x00000001026fddc4 cxxbridge1$str$ptr + 2459716\n9   chromedriver                        0x0000000102720338 cxxbridge1$str$ptr + 2600376\n10  chromedriver                        0x00000001026ef650 cxxbridge1$str$ptr + 2400464\n11  chromedriver                        0x000000010274029c cxxbridge1$str$ptr + 2731292\n12  chromedriver                        0x0000000102740428 cxxbridge1$str$ptr + 2731688\n13  chromedriver                        0x00000001027502e0 cxxbridge1$str$ptr + 2796896\n14  libsystem_pthread.dylib             0x0000000187982f94 _pthread_start + 136\n15  libsystem_pthread.dylib             0x000000018797dd34 thread_start + 8", "trace": "self = <tests.test_personal_account.TestPersonal_Account object at 0x10709df20>\npages = <pages.UIWorkerWeb object at 0x1072bf2f0>, login = None\n\n    @allure.title('Переход на старницу авторизации при нажатии в ЛК кнопки \"Выход\"')\n    @allure.description('При нажатии в ЛК профиля кнопки \"Выход\" происходит разлогин пользователя на сайте и редирект на страницу авторизации')\n    def test_logout(self, pages: UIWorkerWeb, login):\n        pages.click_personal_account()\n>       pages.click_log_out_button()\n\ntests/test_personal_account.py:27: \n_ _ _ _ _ _ _ _ _ _ _ _ _ _ _ _ _ _ _ _ _ _ _ _ _ _ _ _ _ _ _ _ _ _ _ _ _ _ _ _ _ _ _ _ _ _ _ _ _ _\npages/user_profile_page.py:26: in click_log_out_button\n    self.wait_element_to_be_clickable(UserProfileLocators.LOGOUT_BUTTON)\npages/base_page.py:97: in wait_element_to_be_clickable\n    return WebDriverWait(self.driver, 10).until(EC.element_to_be_clickable(locator))\n_ _ _ _ _ _ _ _ _ _ _ _ _ _ _ _ _ _ _ _ _ _ _ _ _ _ _ _ _ _ _ _ _ _ _ _ _ _ _ _ _ _ _ _ _ _ _ _ _ _\n\nself = <selenium.webdriver.support.wait.WebDriverWait (session=\"417025b1bd3dc2fa9026660377a884c5\")>\nmethod = <function element_to_be_clickable.<locals>._predicate at 0x1072cd760>, message = ''\n\n    def until(self, method: Callable[[D], Union[Literal[False], T]], message: str = \"\") -> T:\n        \"\"\"Wait until the method returns a value that is not False.\n    \n        Calls the method provided with the driver as an argument until the\n        return value does not evaluate to ``False``.\n    \n        Parameters:\n        ----------\n        method: callable(WebDriver)\n            - A callable object that takes a WebDriver instance as an argument.\n    \n        message: str\n            - Optional message for :exc:`TimeoutException`\n    \n        Return:\n        -------\n        object: T\n            - The result of the last call to `method`\n    \n        Raises:\n        -------\n        TimeoutException\n            - If 'method' does not return a truthy value within the WebDriverWait\n            object's timeout\n    \n        Example:\n        --------\n        >>> from selenium.webdriver.common.by import By\n        >>> from selenium.webdriver.support.ui import WebDriverWait\n        >>> from selenium.webdriver.support import expected_conditions as EC\n    \n        # Wait until an element is visible on the page\n        >>> wait = WebDriverWait(driver, 10)\n        >>> element = wait.until(EC.visibility_of_element_located((By.ID, \"exampleId\")))\n        >>> print(element.text)\n        \"\"\"\n        screen = None\n        stacktrace = None\n    \n        end_time = time.monotonic() + self._timeout\n        while True:\n            try:\n                value = method(self._driver)\n                if value:\n                    return value\n            except self._ignored_exceptions as exc:\n                screen = getattr(exc, \"screen\", None)\n                stacktrace = getattr(exc, \"stacktrace\", None)\n            if time.monotonic() > end_time:\n                break\n            time.sleep(self._poll)\n>       raise TimeoutException(message, screen, stacktrace)\nE       selenium.common.exceptions.TimeoutException: Message: \nE       Stacktrace:\nE       0   chromedriver                        0x00000001027583cc cxxbridge1$str$ptr + 2829900\nE       1   chromedriver                        0x0000000102750694 cxxbridge1$str$ptr + 2797844\nE       2   chromedriver                        0x000000010228dfbc cxxbridge1$string$len + 90140\nE       3   chromedriver                        0x00000001022d51bc cxxbridge1$string$len + 381468\nE       4   chromedriver                        0x0000000102316044 cxxbridge1$string$len + 647332\nE       5   chromedriver                        0x00000001022c93f8 cxxbridge1$string$len + 332888\nE       6   chromedriver                        0x000000010271c7f0 cxxbridge1$str$ptr + 2585200\nE       7   chromedriver                        0x000000010271fac0 cxxbridge1$str$ptr + 2598208\nE       8   chromedriver                        0x00000001026fddc4 cxxbridge1$str$ptr + 2459716\nE       9   chromedriver                        0x0000000102720338 cxxbridge1$str$ptr + 2600376\nE       10  chromedriver                        0x00000001026ef650 cxxbridge1$str$ptr + 2400464\nE       11  chromedriver                        0x000000010274029c cxxbridge1$str$ptr + 2731292\nE       12  chromedriver                        0x0000000102740428 cxxbridge1$str$ptr + 2731688\nE       13  chromedriver                        0x00000001027502e0 cxxbridge1$str$ptr + 2796896\nE       14  libsystem_pthread.dylib             0x0000000187982f94 _pthread_start + 136\nE       15  libsystem_pthread.dylib             0x000000018797dd34 thread_start + 8\n\n/Library/Frameworks/Python.framework/Versions/3.13/lib/python3.13/site-packages/selenium/webdriver/support/wait.py:146: TimeoutException"}, "description": "При нажатии в ЛК профиля кнопки \"Выход\" происходит разлогин пользователя на сайте и редирект на страницу авторизации", "steps": [{"name": "Переход по кнопке \"Личный кабинет\"", "status": "passed", "steps": [{"name": "Перемещение и клик", "status": "passed", "parameters": [{"name": "locator", "value": "('xpath', \".//p[text()='Личный Кабинет']\")"}], "start": 1747769995868, "stop": 1747769996131}], "start": 1747769995868, "stop": 1747769996131}, {"name": "Нажимаем кнопку «Выход»", "status": "broken", "statusDetails": {"message": "selenium.common.exceptions.TimeoutException: Message: \nStacktrace:\n0   chromedriver                        0x00000001027583cc cxxbridge1$str$ptr + 2829900\n1   chromedriver                        0x0000000102750694 cxxbridge1$str$ptr + 2797844\n2   chromedriver                        0x000000010228dfbc cxxbridge1$string$len + 90140\n3   chromedriver                        0x00000001022d51bc cxxbridge1$string$len + 381468\n4   chromedriver                        0x0000000102316044 cxxbridge1$string$len + 647332\n5   chromedriver                        0x00000001022c93f8 cxxbridge1$string$len + 332888\n6   chromedriver                        0x000000010271c7f0 cxxbridge1$str$ptr + 2585200\n7   chromedriver                        0x000000010271fac0 cxxbridge1$str$ptr + 2598208\n8   chromedriver                        0x00000001026fddc4 cxxbridge1$str$ptr + 2459716\n9   chromedriver                        0x0000000102720338 cxxbridge1$str$ptr + 2600376\n10  chromedriver                        0x00000001026ef650 cxxbridge1$str$ptr + 2400464\n11  chromedriver                        0x000000010274029c cxxbridge1$str$ptr + 2731292\n12  chromedriver                        0x0000000102740428 cxxbridge1$str$ptr + 2731688\n13  chromedriver                        0x00000001027502e0 cxxbridge1$str$ptr + 2796896\n14  libsystem_pthread.dylib             0x0000000187982f94 _pthread_start + 136\n15  libsystem_pthread.dylib             0x000000018797dd34 thread_start + 8\n\n", "trace": "  File \"/Library/Frameworks/Python.framework/Versions/3.13/lib/python3.13/site-packages/allure_commons/_allure.py\", line 192, in impl\n    return func(*a, **kw)\n  File \"/Users/andreigusarov/Diplom/Diplom_3/pages/user_profile_page.py\", line 26, in click_log_out_button\n    self.wait_element_to_be_clickable(UserProfileLocators.LOGOUT_BUTTON)\n    ~~~~~~~~~~~~~~~~~~~~~~~~~~~~~~~~~^^^^^^^^^^^^^^^^^^^^^^^^^^^^^^^^^^^\n  File \"/Library/Frameworks/Python.framework/Versions/3.13/lib/python3.13/site-packages/allure_commons/_allure.py\", line 192, in impl\n    return func(*a, **kw)\n  File \"/Users/andreigusarov/Diplom/Diplom_3/pages/base_page.py\", line 97, in wait_element_to_be_clickable\n    return WebDriverWait(self.driver, 10).until(EC.element_to_be_clickable(locator))\n           ~~~~~~~~~~~~~~~~~~~~~~~~~~~~~~~~~~~~^^^^^^^^^^^^^^^^^^^^^^^^^^^^^^^^^^^^^\n  File \"/Library/Frameworks/Python.framework/Versions/3.13/lib/python3.13/site-packages/selenium/webdriver/support/wait.py\", line 146, in until\n    raise TimeoutException(message, screen, stacktrace)\n"}, "steps": [{"name": "Дождаться пока элемен будет доступен для нажатия", "status": "broken", "statusDetails": {"message": "selenium.common.exceptions.TimeoutException: Message: \nStacktrace:\n0   chromedriver                        0x00000001027583cc cxxbridge1$str$ptr + 2829900\n1   chromedriver                        0x0000000102750694 cxxbridge1$str$ptr + 2797844\n2   chromedriver                        0x000000010228dfbc cxxbridge1$string$len + 90140\n3   chromedriver                        0x00000001022d51bc cxxbridge1$string$len + 381468\n4   chromedriver                        0x0000000102316044 cxxbridge1$string$len + 647332\n5   chromedriver                        0x00000001022c93f8 cxxbridge1$string$len + 332888\n6   chromedriver                        0x000000010271c7f0 cxxbridge1$str$ptr + 2585200\n7   chromedriver                        0x000000010271fac0 cxxbridge1$str$ptr + 2598208\n8   chromedriver                        0x00000001026fddc4 cxxbridge1$str$ptr + 2459716\n9   chromedriver                        0x0000000102720338 cxxbridge1$str$ptr + 2600376\n10  chromedriver                        0x00000001026ef650 cxxbridge1$str$ptr + 2400464\n11  chromedriver                        0x000000010274029c cxxbridge1$str$ptr + 2731292\n12  chromedriver                        0x0000000102740428 cxxbridge1$str$ptr + 2731688\n13  chromedriver                        0x00000001027502e0 cxxbridge1$str$ptr + 2796896\n14  libsystem_pthread.dylib             0x0000000187982f94 _pthread_start + 136\n15  libsystem_pthread.dylib             0x000000018797dd34 thread_start + 8\n\n", "trace": "  File \"/Library/Frameworks/Python.framework/Versions/3.13/lib/python3.13/site-packages/allure_commons/_allure.py\", line 192, in impl\n    return func(*a, **kw)\n  File \"/Users/andreigusarov/Diplom/Diplom_3/pages/base_page.py\", line 97, in wait_element_to_be_clickable\n    return WebDriverWait(self.driver, 10).until(EC.element_to_be_clickable(locator))\n           ~~~~~~~~~~~~~~~~~~~~~~~~~~~~~~~~~~~~^^^^^^^^^^^^^^^^^^^^^^^^^^^^^^^^^^^^^\n  File \"/Library/Frameworks/Python.framework/Versions/3.13/lib/python3.13/site-packages/selenium/webdriver/support/wait.py\", line 146, in until\n    raise TimeoutException(message, screen, stacktrace)\n"}, "parameters": [{"name": "locator", "value": "('xpath', \".//button[text()='Выход']\")"}], "start": 1747769996131, "stop": 1747770006407}], "start": 1747769996131, "stop": 1747770006407}], "parameters": [{"name": "driver_do", "value": "'chrome'"}], "start": 1747769995868, "stop": 1747770006407, "uuid": "bed87578-c6df-42e3-b829-a113088104cb", "historyId": "4bd21357ce849083a16d0fa51d1128e2", "testCaseId": "d24e74fef55ab31cefdf15b81253b6b9", "fullName": "tests.test_personal_account.TestPersonal_Account#test_logout", "labels": [{"name": "parentSuite", "value": "tests"}, {"name": "suite", "value": "test_personal_account"}, {"name": "subSuite", "value": "TestPersonal_Account"}, {"name": "host", "value": "MacBook-Pro.local"}, {"name": "thread", "value": "38554-MainThread"}, {"name": "framework", "value": "pytest"}, {"name": "language", "value": "cpython3"}, {"name": "package", "value": "tests.test_personal_account"}]}