{"name": "При создании заказа, происходит увеличения значения счетчиков заказов \"Выполнено за все время\"/\"Выполнено за сегодня\"", "status": "broken", "statusDetails": {"message": "selenium.common.exceptions.TimeoutException: Message: \nStacktrace:\n0   chromedriver                        0x000000010133c3cc cxxbridge1$str$ptr + 2829900\n1   chromedriver                        0x0000000101334694 cxxbridge1$str$ptr + 2797844\n2   chromedriver                        0x0000000100e71fbc cxxbridge1$string$len + 90140\n3   chromedriver                        0x0000000100eb91bc cxxbridge1$string$len + 381468\n4   chromedriver                        0x0000000100efa044 cxxbridge1$string$len + 647332\n5   chromedriver                        0x0000000100ead3f8 cxxbridge1$string$len + 332888\n6   chromedriver                        0x00000001013007f0 cxxbridge1$str$ptr + 2585200\n7   chromedriver                        0x0000000101303ac0 cxxbridge1$str$ptr + 2598208\n8   chromedriver                        0x00000001012e1dc4 cxxbridge1$str$ptr + 2459716\n9   chromedriver                        0x0000000101304338 cxxbridge1$str$ptr + 2600376\n10  chromedriver                        0x00000001012d3650 cxxbridge1$str$ptr + 2400464\n11  chromedriver                        0x000000010132429c cxxbridge1$str$ptr + 2731292\n12  chromedriver                        0x0000000101324428 cxxbridge1$str$ptr + 2731688\n13  chromedriver                        0x00000001013342e0 cxxbridge1$str$ptr + 2796896\n14  libsystem_pthread.dylib             0x0000000187982f94 _pthread_start + 136\n15  libsystem_pthread.dylib             0x000000018797dd34 thread_start + 8", "trace": "self = <tests.test_create_order.TestCreateOrder object at 0x10709e360>\npages = <pages.UIWorkerWeb object at 0x10709ff00>\ncounter = ('xpath', \"//p[text()='Выполнено за все время:']/following-sibling::p\"), login = None\n\n    @allure.title('При создании заказа, происходит увеличения значения счетчиков заказов \"Выполнено за все время\"/\"Выполнено за сегодня\"')\n    @allure.description('Сверяем счетчик заказов \"Выполнено за все время\" / \"Выполнено за сегодня\" до создания заказа и после создания заказа '\n                        'Счетчик должен увеличиться')\n    @pytest.mark.parametrize('counter', [OrdersPageLocators.TOTAL_ORDER_COUNT, OrdersPageLocators.DAILY_ORDER_COUNT])\n    def test_today_orders_counter(self, pages, counter, login):\n>       pages.click_orders_list_button()\n\ntests/test_create_order.py:38: \n_ _ _ _ _ _ _ _ _ _ _ _ _ _ _ _ _ _ _ _ _ _ _ _ _ _ _ _ _ _ _ _ _ _ _ _ _ _ _ _ _ _ _ _ _ _ _ _ _ _\npages/main_page.py:14: in click_orders_list_button\n    self.wait_until_element_is_visible(OrdersPageLocators.ORDERS_LIST_TITLE)\npages/base_page.py:40: in wait_until_element_is_visible\n    return WebDriverWait(self.driver, 10).until(EC.visibility_of_element_located(locator))\n_ _ _ _ _ _ _ _ _ _ _ _ _ _ _ _ _ _ _ _ _ _ _ _ _ _ _ _ _ _ _ _ _ _ _ _ _ _ _ _ _ _ _ _ _ _ _ _ _ _\n\nself = <selenium.webdriver.support.wait.WebDriverWait (session=\"564347db23f3704edb86f076d63306b6\")>\nmethod = <function visibility_of_element_located.<locals>._predicate at 0x1071c49a0>, message = ''\n\n    def until(self, method: Callable[[D], Union[Literal[False], T]], message: str = \"\") -> T:\n        \"\"\"Wait until the method returns a value that is not False.\n    \n        Calls the method provided with the driver as an argument until the\n        return value does not evaluate to ``False``.\n    \n        Parameters:\n        ----------\n        method: callable(WebDriver)\n            - A callable object that takes a WebDriver instance as an argument.\n    \n        message: str\n            - Optional message for :exc:`TimeoutException`\n    \n        Return:\n        -------\n        object: T\n            - The result of the last call to `method`\n    \n        Raises:\n        -------\n        TimeoutException\n            - If 'method' does not return a truthy value within the WebDriverWait\n            object's timeout\n    \n        Example:\n        --------\n        >>> from selenium.webdriver.common.by import By\n        >>> from selenium.webdriver.support.ui import WebDriverWait\n        >>> from selenium.webdriver.support import expected_conditions as EC\n    \n        # Wait until an element is visible on the page\n        >>> wait = WebDriverWait(driver, 10)\n        >>> element = wait.until(EC.visibility_of_element_located((By.ID, \"exampleId\")))\n        >>> print(element.text)\n        \"\"\"\n        screen = None\n        stacktrace = None\n    \n        end_time = time.monotonic() + self._timeout\n        while True:\n            try:\n                value = method(self._driver)\n                if value:\n                    return value\n            except self._ignored_exceptions as exc:\n                screen = getattr(exc, \"screen\", None)\n                stacktrace = getattr(exc, \"stacktrace\", None)\n            if time.monotonic() > end_time:\n                break\n            time.sleep(self._poll)\n>       raise TimeoutException(message, screen, stacktrace)\nE       selenium.common.exceptions.TimeoutException: Message: \nE       Stacktrace:\nE       0   chromedriver                        0x000000010133c3cc cxxbridge1$str$ptr + 2829900\nE       1   chromedriver                        0x0000000101334694 cxxbridge1$str$ptr + 2797844\nE       2   chromedriver                        0x0000000100e71fbc cxxbridge1$string$len + 90140\nE       3   chromedriver                        0x0000000100eb91bc cxxbridge1$string$len + 381468\nE       4   chromedriver                        0x0000000100efa044 cxxbridge1$string$len + 647332\nE       5   chromedriver                        0x0000000100ead3f8 cxxbridge1$string$len + 332888\nE       6   chromedriver                        0x00000001013007f0 cxxbridge1$str$ptr + 2585200\nE       7   chromedriver                        0x0000000101303ac0 cxxbridge1$str$ptr + 2598208\nE       8   chromedriver                        0x00000001012e1dc4 cxxbridge1$str$ptr + 2459716\nE       9   chromedriver                        0x0000000101304338 cxxbridge1$str$ptr + 2600376\nE       10  chromedriver                        0x00000001012d3650 cxxbridge1$str$ptr + 2400464\nE       11  chromedriver                        0x000000010132429c cxxbridge1$str$ptr + 2731292\nE       12  chromedriver                        0x0000000101324428 cxxbridge1$str$ptr + 2731688\nE       13  chromedriver                        0x00000001013342e0 cxxbridge1$str$ptr + 2796896\nE       14  libsystem_pthread.dylib             0x0000000187982f94 _pthread_start + 136\nE       15  libsystem_pthread.dylib             0x000000018797dd34 thread_start + 8\n\n/Library/Frameworks/Python.framework/Versions/3.13/lib/python3.13/site-packages/selenium/webdriver/support/wait.py:146: TimeoutException"}, "description": "Сверяем счетчик заказов \"Выполнено за все время\" / \"Выполнено за сегодня\" до создания заказа и после создания заказа Счетчик должен увеличиться", "steps": [{"name": "Переход на страницу \"Лента заказов\"", "status": "broken", "statusDetails": {"message": "selenium.common.exceptions.TimeoutException: Message: \nStacktrace:\n0   chromedriver                        0x000000010133c3cc cxxbridge1$str$ptr + 2829900\n1   chromedriver                        0x0000000101334694 cxxbridge1$str$ptr + 2797844\n2   chromedriver                        0x0000000100e71fbc cxxbridge1$string$len + 90140\n3   chromedriver                        0x0000000100eb91bc cxxbridge1$string$len + 381468\n4   chromedriver                        0x0000000100efa044 cxxbridge1$string$len + 647332\n5   chromedriver                        0x0000000100ead3f8 cxxbridge1$string$len + 332888\n6   chromedriver                        0x00000001013007f0 cxxbridge1$str$ptr + 2585200\n7   chromedriver                        0x0000000101303ac0 cxxbridge1$str$ptr + 2598208\n8   chromedriver                        0x00000001012e1dc4 cxxbridge1$str$ptr + 2459716\n9   chromedriver                        0x0000000101304338 cxxbridge1$str$ptr + 2600376\n10  chromedriver                        0x00000001012d3650 cxxbridge1$str$ptr + 2400464\n11  chromedriver                        0x000000010132429c cxxbridge1$str$ptr + 2731292\n12  chromedriver                        0x0000000101324428 cxxbridge1$str$ptr + 2731688\n13  chromedriver                        0x00000001013342e0 cxxbridge1$str$ptr + 2796896\n14  libsystem_pthread.dylib             0x0000000187982f94 _pthread_start + 136\n15  libsystem_pthread.dylib             0x000000018797dd34 thread_start + 8\n\n", "trace": "  File \"/Library/Frameworks/Python.framework/Versions/3.13/lib/python3.13/site-packages/allure_commons/_allure.py\", line 192, in impl\n    return func(*a, **kw)\n  File \"/Users/andreigusarov/Diplom/Diplom_3/pages/main_page.py\", line 14, in click_orders_list_button\n    self.wait_until_element_is_visible(OrdersPageLocators.ORDERS_LIST_TITLE)\n    ~~~~~~~~~~~~~~~~~~~~~~~~~~~~~~~~~~^^^^^^^^^^^^^^^^^^^^^^^^^^^^^^^^^^^^^^\n  File \"/Library/Frameworks/Python.framework/Versions/3.13/lib/python3.13/site-packages/allure_commons/_allure.py\", line 192, in impl\n    return func(*a, **kw)\n  File \"/Users/andreigusarov/Diplom/Diplom_3/pages/base_page.py\", line 40, in wait_until_element_is_visible\n    return WebDriverWait(self.driver, 10).until(EC.visibility_of_element_located(locator))\n           ~~~~~~~~~~~~~~~~~~~~~~~~~~~~~~~~~~~~^^^^^^^^^^^^^^^^^^^^^^^^^^^^^^^^^^^^^^^^^^^\n  File \"/Library/Frameworks/Python.framework/Versions/3.13/lib/python3.13/site-packages/selenium/webdriver/support/wait.py\", line 146, in until\n    raise TimeoutException(message, screen, stacktrace)\n"}, "steps": [{"name": "Перемещение и клик", "status": "passed", "parameters": [{"name": "locator", "value": "('xpath', '//p[text()=\"Лента Заказов\"]/parent::a')"}], "start": 1747769863823, "stop": 1747769864098}, {"name": "Проверка видимости элемента", "status": "broken", "statusDetails": {"message": "selenium.common.exceptions.TimeoutException: Message: \nStacktrace:\n0   chromedriver                        0x000000010133c3cc cxxbridge1$str$ptr + 2829900\n1   chromedriver                        0x0000000101334694 cxxbridge1$str$ptr + 2797844\n2   chromedriver                        0x0000000100e71fbc cxxbridge1$string$len + 90140\n3   chromedriver                        0x0000000100eb91bc cxxbridge1$string$len + 381468\n4   chromedriver                        0x0000000100efa044 cxxbridge1$string$len + 647332\n5   chromedriver                        0x0000000100ead3f8 cxxbridge1$string$len + 332888\n6   chromedriver                        0x00000001013007f0 cxxbridge1$str$ptr + 2585200\n7   chromedriver                        0x0000000101303ac0 cxxbridge1$str$ptr + 2598208\n8   chromedriver                        0x00000001012e1dc4 cxxbridge1$str$ptr + 2459716\n9   chromedriver                        0x0000000101304338 cxxbridge1$str$ptr + 2600376\n10  chromedriver                        0x00000001012d3650 cxxbridge1$str$ptr + 2400464\n11  chromedriver                        0x000000010132429c cxxbridge1$str$ptr + 2731292\n12  chromedriver                        0x0000000101324428 cxxbridge1$str$ptr + 2731688\n13  chromedriver                        0x00000001013342e0 cxxbridge1$str$ptr + 2796896\n14  libsystem_pthread.dylib             0x0000000187982f94 _pthread_start + 136\n15  libsystem_pthread.dylib             0x000000018797dd34 thread_start + 8\n\n", "trace": "  File \"/Library/Frameworks/Python.framework/Versions/3.13/lib/python3.13/site-packages/allure_commons/_allure.py\", line 192, in impl\n    return func(*a, **kw)\n  File \"/Users/andreigusarov/Diplom/Diplom_3/pages/base_page.py\", line 40, in wait_until_element_is_visible\n    return WebDriverWait(self.driver, 10).until(EC.visibility_of_element_located(locator))\n           ~~~~~~~~~~~~~~~~~~~~~~~~~~~~~~~~~~~~^^^^^^^^^^^^^^^^^^^^^^^^^^^^^^^^^^^^^^^^^^^\n  File \"/Library/Frameworks/Python.framework/Versions/3.13/lib/python3.13/site-packages/selenium/webdriver/support/wait.py\", line 146, in until\n    raise TimeoutException(message, screen, stacktrace)\n"}, "parameters": [{"name": "locator", "value": "('xpath', './/h1[text()=\"Лента заказов\"]')"}], "start": 1747769864098, "stop": 1747769874372}], "start": 1747769863823, "stop": 1747769874380}], "parameters": [{"name": "driver_do", "value": "'chrome'"}, {"name": "counter", "value": "('xpath', \"//p[text()='Выполнено за все время:']/following-sibling::p\")"}], "start": 1747769863823, "stop": 1747769874382, "uuid": "14e95f4d-8417-4321-9361-a21e05f1e2a1", "historyId": "c143b497532fad76c5db72872b085203", "testCaseId": "dd0d8f4e50524d9e613145b9d27a89a0", "fullName": "tests.test_create_order.TestCreateOrder#test_today_orders_counter", "labels": [{"name": "parentSuite", "value": "tests"}, {"name": "suite", "value": "test_create_order"}, {"name": "subSuite", "value": "TestCreateOrder"}, {"name": "host", "value": "MacBook-Pro.local"}, {"name": "thread", "value": "38554-MainThread"}, {"name": "framework", "value": "pytest"}, {"name": "language", "value": "cpython3"}, {"name": "package", "value": "tests.test_create_order"}]}