{"name": "Переход в ЛК по клику на кнопку «Личный кабинет»", "status": "broken", "statusDetails": {"message": "selenium.common.exceptions.TimeoutException: Message: \nStacktrace:\n0   chromedriver                        0x000000010492c3cc cxxbridge1$str$ptr + 2829900\n1   chromedriver                        0x0000000104924694 cxxbridge1$str$ptr + 2797844\n2   chromedriver                        0x0000000104461fbc cxxbridge1$string$len + 90140\n3   chromedriver                        0x00000001044a91bc cxxbridge1$string$len + 381468\n4   chromedriver                        0x00000001044ea044 cxxbridge1$string$len + 647332\n5   chromedriver                        0x000000010449d3f8 cxxbridge1$string$len + 332888\n6   chromedriver                        0x00000001048f07f0 cxxbridge1$str$ptr + 2585200\n7   chromedriver                        0x00000001048f3ac0 cxxbridge1$str$ptr + 2598208\n8   chromedriver                        0x00000001048d1dc4 cxxbridge1$str$ptr + 2459716\n9   chromedriver                        0x00000001048f4338 cxxbridge1$str$ptr + 2600376\n10  chromedriver                        0x00000001048c3650 cxxbridge1$str$ptr + 2400464\n11  chromedriver                        0x000000010491429c cxxbridge1$str$ptr + 2731292\n12  chromedriver                        0x0000000104914428 cxxbridge1$str$ptr + 2731688\n13  chromedriver                        0x00000001049242e0 cxxbridge1$str$ptr + 2796896\n14  libsystem_pthread.dylib             0x0000000187982f94 _pthread_start + 136\n15  libsystem_pthread.dylib             0x000000018797dd34 thread_start + 8", "trace": "self = <tests.test_personal_account.TestPersonal_Account object at 0x107072c10>\npages = <pages.UIWorkerWeb object at 0x10727e950>, login = None\n\n    @allure.title('Переход в ЛК по клику на кнопку «Личный кабинет»')\n    @allure.description('При нажатии на кнопку ЛК, происходит переход на страницу ЛК профиля ')\n    def test_go_to_account_from_header(self, pages: UIWorkerWeb, login):\n        pages.click_personal_account()\n>       current_url = pages.check_switch_on_profile()\n\ntests/test_personal_account.py:12: \n_ _ _ _ _ _ _ _ _ _ _ _ _ _ _ _ _ _ _ _ _ _ _ _ _ _ _ _ _ _ _ _ _ _ _ _ _ _ _ _ _ _ _ _ _ _ _ _ _ _\npages/user_profile_page.py:11: in check_switch_on_profile\n    self.wait_element_to_be_clickable(UserProfileLocators.PROFILE_BUTTON)\npages/base_page.py:97: in wait_element_to_be_clickable\n    return WebDriverWait(self.driver, 10).until(EC.element_to_be_clickable(locator))\n_ _ _ _ _ _ _ _ _ _ _ _ _ _ _ _ _ _ _ _ _ _ _ _ _ _ _ _ _ _ _ _ _ _ _ _ _ _ _ _ _ _ _ _ _ _ _ _ _ _\n\nself = <selenium.webdriver.support.wait.WebDriverWait (session=\"6e4e5f7b8789c8d4e344b54850692933\")>\nmethod = <function element_to_be_clickable.<locals>._predicate at 0x1072cdf80>, message = ''\n\n    def until(self, method: Callable[[D], Union[Literal[False], T]], message: str = \"\") -> T:\n        \"\"\"Wait until the method returns a value that is not False.\n    \n        Calls the method provided with the driver as an argument until the\n        return value does not evaluate to ``False``.\n    \n        Parameters:\n        ----------\n        method: callable(WebDriver)\n            - A callable object that takes a WebDriver instance as an argument.\n    \n        message: str\n            - Optional message for :exc:`TimeoutException`\n    \n        Return:\n        -------\n        object: T\n            - The result of the last call to `method`\n    \n        Raises:\n        -------\n        TimeoutException\n            - If 'method' does not return a truthy value within the WebDriverWait\n            object's timeout\n    \n        Example:\n        --------\n        >>> from selenium.webdriver.common.by import By\n        >>> from selenium.webdriver.support.ui import WebDriverWait\n        >>> from selenium.webdriver.support import expected_conditions as EC\n    \n        # Wait until an element is visible on the page\n        >>> wait = WebDriverWait(driver, 10)\n        >>> element = wait.until(EC.visibility_of_element_located((By.ID, \"exampleId\")))\n        >>> print(element.text)\n        \"\"\"\n        screen = None\n        stacktrace = None\n    \n        end_time = time.monotonic() + self._timeout\n        while True:\n            try:\n                value = method(self._driver)\n                if value:\n                    return value\n            except self._ignored_exceptions as exc:\n                screen = getattr(exc, \"screen\", None)\n                stacktrace = getattr(exc, \"stacktrace\", None)\n            if time.monotonic() > end_time:\n                break\n            time.sleep(self._poll)\n>       raise TimeoutException(message, screen, stacktrace)\nE       selenium.common.exceptions.TimeoutException: Message: \nE       Stacktrace:\nE       0   chromedriver                        0x000000010492c3cc cxxbridge1$str$ptr + 2829900\nE       1   chromedriver                        0x0000000104924694 cxxbridge1$str$ptr + 2797844\nE       2   chromedriver                        0x0000000104461fbc cxxbridge1$string$len + 90140\nE       3   chromedriver                        0x00000001044a91bc cxxbridge1$string$len + 381468\nE       4   chromedriver                        0x00000001044ea044 cxxbridge1$string$len + 647332\nE       5   chromedriver                        0x000000010449d3f8 cxxbridge1$string$len + 332888\nE       6   chromedriver                        0x00000001048f07f0 cxxbridge1$str$ptr + 2585200\nE       7   chromedriver                        0x00000001048f3ac0 cxxbridge1$str$ptr + 2598208\nE       8   chromedriver                        0x00000001048d1dc4 cxxbridge1$str$ptr + 2459716\nE       9   chromedriver                        0x00000001048f4338 cxxbridge1$str$ptr + 2600376\nE       10  chromedriver                        0x00000001048c3650 cxxbridge1$str$ptr + 2400464\nE       11  chromedriver                        0x000000010491429c cxxbridge1$str$ptr + 2731292\nE       12  chromedriver                        0x0000000104914428 cxxbridge1$str$ptr + 2731688\nE       13  chromedriver                        0x00000001049242e0 cxxbridge1$str$ptr + 2796896\nE       14  libsystem_pthread.dylib             0x0000000187982f94 _pthread_start + 136\nE       15  libsystem_pthread.dylib             0x000000018797dd34 thread_start + 8\n\n/Library/Frameworks/Python.framework/Versions/3.13/lib/python3.13/site-packages/selenium/webdriver/support/wait.py:146: TimeoutException"}, "description": "При нажатии на кнопку ЛК, происходит переход на страницу ЛК профиля ", "steps": [{"name": "Переход по кнопке \"Личный кабинет\"", "status": "passed", "steps": [{"name": "Перемещение и клик", "status": "passed", "parameters": [{"name": "locator", "value": "('xpath', \".//p[text()='Личный Кабинет']\")"}], "start": 1747769958944, "stop": 1747769959214}], "start": 1747769958944, "stop": 1747769959214}, {"name": "Проверка перехода на страницу профиля", "status": "broken", "statusDetails": {"message": "selenium.common.exceptions.TimeoutException: Message: \nStacktrace:\n0   chromedriver                        0x000000010492c3cc cxxbridge1$str$ptr + 2829900\n1   chromedriver                        0x0000000104924694 cxxbridge1$str$ptr + 2797844\n2   chromedriver                        0x0000000104461fbc cxxbridge1$string$len + 90140\n3   chromedriver                        0x00000001044a91bc cxxbridge1$string$len + 381468\n4   chromedriver                        0x00000001044ea044 cxxbridge1$string$len + 647332\n5   chromedriver                        0x000000010449d3f8 cxxbridge1$string$len + 332888\n6   chromedriver                        0x00000001048f07f0 cxxbridge1$str$ptr + 2585200\n7   chromedriver                        0x00000001048f3ac0 cxxbridge1$str$ptr + 2598208\n8   chromedriver                        0x00000001048d1dc4 cxxbridge1$str$ptr + 2459716\n9   chromedriver                        0x00000001048f4338 cxxbridge1$str$ptr + 2600376\n10  chromedriver                        0x00000001048c3650 cxxbridge1$str$ptr + 2400464\n11  chromedriver                        0x000000010491429c cxxbridge1$str$ptr + 2731292\n12  chromedriver                        0x0000000104914428 cxxbridge1$str$ptr + 2731688\n13  chromedriver                        0x00000001049242e0 cxxbridge1$str$ptr + 2796896\n14  libsystem_pthread.dylib             0x0000000187982f94 _pthread_start + 136\n15  libsystem_pthread.dylib             0x000000018797dd34 thread_start + 8\n\n", "trace": "  File \"/Library/Frameworks/Python.framework/Versions/3.13/lib/python3.13/site-packages/allure_commons/_allure.py\", line 192, in impl\n    return func(*a, **kw)\n  File \"/Users/andreigusarov/Diplom/Diplom_3/pages/user_profile_page.py\", line 11, in check_switch_on_profile\n    self.wait_element_to_be_clickable(UserProfileLocators.PROFILE_BUTTON)\n    ~~~~~~~~~~~~~~~~~~~~~~~~~~~~~~~~~^^^^^^^^^^^^^^^^^^^^^^^^^^^^^^^^^^^^\n  File \"/Library/Frameworks/Python.framework/Versions/3.13/lib/python3.13/site-packages/allure_commons/_allure.py\", line 192, in impl\n    return func(*a, **kw)\n  File \"/Users/andreigusarov/Diplom/Diplom_3/pages/base_page.py\", line 97, in wait_element_to_be_clickable\n    return WebDriverWait(self.driver, 10).until(EC.element_to_be_clickable(locator))\n           ~~~~~~~~~~~~~~~~~~~~~~~~~~~~~~~~~~~~^^^^^^^^^^^^^^^^^^^^^^^^^^^^^^^^^^^^^\n  File \"/Library/Frameworks/Python.framework/Versions/3.13/lib/python3.13/site-packages/selenium/webdriver/support/wait.py\", line 146, in until\n    raise TimeoutException(message, screen, stacktrace)\n"}, "steps": [{"name": "Дождаться пока элемен будет доступен для нажатия", "status": "broken", "statusDetails": {"message": "selenium.common.exceptions.TimeoutException: Message: \nStacktrace:\n0   chromedriver                        0x000000010492c3cc cxxbridge1$str$ptr + 2829900\n1   chromedriver                        0x0000000104924694 cxxbridge1$str$ptr + 2797844\n2   chromedriver                        0x0000000104461fbc cxxbridge1$string$len + 90140\n3   chromedriver                        0x00000001044a91bc cxxbridge1$string$len + 381468\n4   chromedriver                        0x00000001044ea044 cxxbridge1$string$len + 647332\n5   chromedriver                        0x000000010449d3f8 cxxbridge1$string$len + 332888\n6   chromedriver                        0x00000001048f07f0 cxxbridge1$str$ptr + 2585200\n7   chromedriver                        0x00000001048f3ac0 cxxbridge1$str$ptr + 2598208\n8   chromedriver                        0x00000001048d1dc4 cxxbridge1$str$ptr + 2459716\n9   chromedriver                        0x00000001048f4338 cxxbridge1$str$ptr + 2600376\n10  chromedriver                        0x00000001048c3650 cxxbridge1$str$ptr + 2400464\n11  chromedriver                        0x000000010491429c cxxbridge1$str$ptr + 2731292\n12  chromedriver                        0x0000000104914428 cxxbridge1$str$ptr + 2731688\n13  chromedriver                        0x00000001049242e0 cxxbridge1$str$ptr + 2796896\n14  libsystem_pthread.dylib             0x0000000187982f94 _pthread_start + 136\n15  libsystem_pthread.dylib             0x000000018797dd34 thread_start + 8\n\n", "trace": "  File \"/Library/Frameworks/Python.framework/Versions/3.13/lib/python3.13/site-packages/allure_commons/_allure.py\", line 192, in impl\n    return func(*a, **kw)\n  File \"/Users/andreigusarov/Diplom/Diplom_3/pages/base_page.py\", line 97, in wait_element_to_be_clickable\n    return WebDriverWait(self.driver, 10).until(EC.element_to_be_clickable(locator))\n           ~~~~~~~~~~~~~~~~~~~~~~~~~~~~~~~~~~~~^^^^^^^^^^^^^^^^^^^^^^^^^^^^^^^^^^^^^\n  File \"/Library/Frameworks/Python.framework/Versions/3.13/lib/python3.13/site-packages/selenium/webdriver/support/wait.py\", line 146, in until\n    raise TimeoutException(message, screen, stacktrace)\n"}, "parameters": [{"name": "locator", "value": "('link text', 'Профиль')"}], "start": 1747769959214, "stop": 1747769969447}], "start": 1747769959214, "stop": 1747769969448}], "parameters": [{"name": "driver_do", "value": "'chrome'"}], "start": 1747769958944, "stop": 1747769969449, "uuid": "9505cd72-b3d5-4d19-b148-cb9504bdf27c", "historyId": "fc0e1cd8e4e6fe876bd38385ed4e7c03", "testCaseId": "e02514e40a9447b1c11d901e47f4c099", "fullName": "tests.test_personal_account.TestPersonal_Account#test_go_to_account_from_header", "labels": [{"name": "parentSuite", "value": "tests"}, {"name": "suite", "value": "test_personal_account"}, {"name": "subSuite", "value": "TestPersonal_Account"}, {"name": "host", "value": "MacBook-Pro.local"}, {"name": "thread", "value": "38554-MainThread"}, {"name": "framework", "value": "pytest"}, {"name": "language", "value": "cpython3"}, {"name": "package", "value": "tests.test_personal_account"}]}